2017-10-17 15:46:41.840  INFO 78893 --- [main] i.s.s.g.DataServiceApplication           : Starting DataServiceApplication v0.0.1-SNAPSHOT on yangbozsMacBookAir.local with PID 78893 (/Users/yangboz/git/shiny-guide/Docker/API/target/data-service-0.0.1-SNAPSHOT.jar started by yangboz in /Users/yangboz/git/shiny-guide/Docker/API)
2017-10-17 15:46:41.843  INFO 78893 --- [main] i.s.s.g.DataServiceApplication           : No active profile set, falling back to default profiles: default
2017-10-17 15:46:41.983  INFO 78893 --- [main] ationConfigEmbeddedWebApplicationContext : Refreshing org.springframework.boot.context.embedded.AnnotationConfigEmbeddedWebApplicationContext@35708d2: startup date [Tue Oct 17 15:46:41 CST 2017]; root of context hierarchy
2017-10-17 15:46:46.545  INFO 78893 --- [main] o.s.b.f.s.DefaultListableBeanFactory     : Overriding bean definition for bean 'beanNameViewResolver' with a different definition: replacing [Root bean: class [null]; scope=; abstract=false; lazyInit=false; autowireMode=3; dependencyCheck=0; autowireCandidate=true; primary=false; factoryBeanName=org.springframework.boot.autoconfigure.web.ErrorMvcAutoConfiguration$WhitelabelErrorViewConfiguration; factoryMethodName=beanNameViewResolver; initMethodName=null; destroyMethodName=(inferred); defined in class path resource [org/springframework/boot/autoconfigure/web/ErrorMvcAutoConfiguration$WhitelabelErrorViewConfiguration.class]] with [Root bean: class [null]; scope=; abstract=false; lazyInit=false; autowireMode=3; dependencyCheck=0; autowireCandidate=true; primary=false; factoryBeanName=org.springframework.boot.autoconfigure.web.WebMvcAutoConfiguration$WebMvcAutoConfigurationAdapter; factoryMethodName=beanNameViewResolver; initMethodName=null; destroyMethodName=(inferred); defined in class path resource [org/springframework/boot/autoconfigure/web/WebMvcAutoConfiguration$WebMvcAutoConfigurationAdapter.class]]
2017-10-17 15:46:47.577  INFO 78893 --- [main] trationDelegate$BeanPostProcessorChecker : Bean 'org.springframework.transaction.annotation.ProxyTransactionManagementConfiguration' of type [class org.springframework.transaction.annotation.ProxyTransactionManagementConfiguration$$EnhancerBySpringCGLIB$$e3a38b41] is not eligible for getting processed by all BeanPostProcessors (for example: not eligible for auto-proxying)
2017-10-17 15:46:48.777  INFO 78893 --- [main] s.b.c.e.t.TomcatEmbeddedServletContainer : Tomcat initialized with port(s): 8080 (http)
2017-10-17 15:46:48.809  INFO 78893 --- [main] o.a.c.c.StandardService                  : Starting service Tomcat
2017-10-17 15:46:48.814  INFO 78893 --- [main] o.a.c.c.StandardEngine                   : Starting Servlet Engine: Apache Tomcat/8.0.30
2017-10-17 15:46:49.019  INFO 78893 --- [localhost-startStop-1] o.a.c.c.C.[.[.[/td]                      : Initializing Spring embedded WebApplicationContext
2017-10-17 15:46:49.020  INFO 78893 --- [localhost-startStop-1] o.s.w.c.ContextLoader                    : Root WebApplicationContext: initialization completed in 7043 ms
2017-10-17 15:46:50.211  INFO 78893 --- [localhost-startStop-1] o.s.b.c.e.ServletRegistrationBean        : Mapping servlet: 'dispatcherServlet' to [/]
2017-10-17 15:46:50.234  INFO 78893 --- [localhost-startStop-1] o.s.b.c.e.FilterRegistrationBean         : Mapping filter: 'characterEncodingFilter' to: [/*]
2017-10-17 15:46:50.235  INFO 78893 --- [localhost-startStop-1] o.s.b.c.e.FilterRegistrationBean         : Mapping filter: 'hiddenHttpMethodFilter' to: [/*]
2017-10-17 15:46:50.235  INFO 78893 --- [localhost-startStop-1] o.s.b.c.e.FilterRegistrationBean         : Mapping filter: 'httpPutFormContentFilter' to: [/*]
2017-10-17 15:46:50.236  INFO 78893 --- [localhost-startStop-1] o.s.b.c.e.FilterRegistrationBean         : Mapping filter: 'requestContextFilter' to: [/*]
2017-10-17 15:46:50.238  INFO 78893 --- [localhost-startStop-1] o.s.b.c.e.FilterRegistrationBean         : Mapping filter: 'simpleCORSFilter' to: [/*]
2017-10-17 15:46:50.936  INFO 78893 --- [main] j.LocalContainerEntityManagerFactoryBean : Building JPA container EntityManagerFactory for persistence unit 'default'
2017-10-17 15:46:50.961  INFO 78893 --- [main] o.h.j.i.u.LogHelper                      : HHH000204: Processing PersistenceUnitInfo [
	name: default
	...]
2017-10-17 15:46:51.160  INFO 78893 --- [main] o.h.Version                              : HHH000412: Hibernate Core {4.3.11.Final}
2017-10-17 15:46:51.168  INFO 78893 --- [main] o.h.c.Environment                        : HHH000206: hibernate.properties not found
2017-10-17 15:46:51.171  INFO 78893 --- [main] o.h.c.Environment                        : HHH000021: Bytecode provider name : javassist
2017-10-17 15:46:52.370  INFO 78893 --- [main] o.h.a.c.Version                          : HCANN000001: Hibernate Commons Annotations {4.0.5.Final}
2017-10-17 15:46:56.665 ERROR 78893 --- [main] o.a.t.j.p.ConnectionPool                 : Unable to create initial connections of pool.

com.mysql.jdbc.exceptions.jdbc4.MySQLNonTransientConnectionException: Could not create connection to database server. Attempted reconnect 3 times. Giving up.
	at sun.reflect.NativeConstructorAccessorImpl.newInstance0(Native Method)
	at sun.reflect.NativeConstructorAccessorImpl.newInstance(NativeConstructorAccessorImpl.java:62)
	at sun.reflect.DelegatingConstructorAccessorImpl.newInstance(DelegatingConstructorAccessorImpl.java:45)
	at java.lang.reflect.Constructor.newInstance(Constructor.java:422)
	at com.mysql.jdbc.Util.handleNewInstance(Util.java:404)
	at com.mysql.jdbc.Util.getInstance(Util.java:387)
	at com.mysql.jdbc.SQLError.createSQLException(SQLError.java:917)
	at com.mysql.jdbc.SQLError.createSQLException(SQLError.java:896)
	at com.mysql.jdbc.SQLError.createSQLException(SQLError.java:885)
	at com.mysql.jdbc.SQLError.createSQLException(SQLError.java:860)
	at com.mysql.jdbc.ConnectionImpl.connectWithRetries(ConnectionImpl.java:2165)
	at com.mysql.jdbc.ConnectionImpl.createNewIO(ConnectionImpl.java:2090)
	at com.mysql.jdbc.ConnectionImpl.<init>(ConnectionImpl.java:795)
	at com.mysql.jdbc.JDBC4Connection.<init>(JDBC4Connection.java:44)
	at sun.reflect.NativeConstructorAccessorImpl.newInstance0(Native Method)
	at sun.reflect.NativeConstructorAccessorImpl.newInstance(NativeConstructorAccessorImpl.java:62)
	at sun.reflect.DelegatingConstructorAccessorImpl.newInstance(DelegatingConstructorAccessorImpl.java:45)
	at java.lang.reflect.Constructor.newInstance(Constructor.java:422)
	at com.mysql.jdbc.Util.handleNewInstance(Util.java:404)
	at com.mysql.jdbc.ConnectionImpl.getInstance(ConnectionImpl.java:400)
	at com.mysql.jdbc.NonRegisteringDriver.connect(NonRegisteringDriver.java:327)
	at org.apache.tomcat.jdbc.pool.PooledConnection.connectUsingDriver(PooledConnection.java:307)
	at org.apache.tomcat.jdbc.pool.PooledConnection.connect(PooledConnection.java:200)
	at org.apache.tomcat.jdbc.pool.ConnectionPool.createConnection(ConnectionPool.java:708)
	at org.apache.tomcat.jdbc.pool.ConnectionPool.borrowConnection(ConnectionPool.java:642)
	at org.apache.tomcat.jdbc.pool.ConnectionPool.init(ConnectionPool.java:464)
	at org.apache.tomcat.jdbc.pool.ConnectionPool.<init>(ConnectionPool.java:141)
	at org.apache.tomcat.jdbc.pool.DataSourceProxy.pCreatePool(DataSourceProxy.java:115)
	at org.apache.tomcat.jdbc.pool.DataSourceProxy.createPool(DataSourceProxy.java:102)
	at org.apache.tomcat.jdbc.pool.DataSourceProxy.getConnection(DataSourceProxy.java:126)
	at org.hibernate.engine.jdbc.connections.internal.DatasourceConnectionProviderImpl.getConnection(DatasourceConnectionProviderImpl.java:139)
	at org.hibernate.engine.jdbc.internal.JdbcServicesImpl$ConnectionProviderJdbcConnectionAccess.obtainConnection(JdbcServicesImpl.java:279)
	at org.hibernate.engine.jdbc.internal.JdbcServicesImpl.configure(JdbcServicesImpl.java:124)
	at org.hibernate.boot.registry.internal.StandardServiceRegistryImpl.configureService(StandardServiceRegistryImpl.java:111)
	at org.hibernate.service.internal.AbstractServiceRegistryImpl.initializeService(AbstractServiceRegistryImpl.java:234)
	at org.hibernate.service.internal.AbstractServiceRegistryImpl.getService(AbstractServiceRegistryImpl.java:206)
	at org.hibernate.cfg.Configuration.buildTypeRegistrations(Configuration.java:1887)
	at org.hibernate.cfg.Configuration.buildSessionFactory(Configuration.java:1845)
	at org.hibernate.jpa.boot.internal.EntityManagerFactoryBuilderImpl$4.perform(EntityManagerFactoryBuilderImpl.java:857)
	at org.hibernate.jpa.boot.internal.EntityManagerFactoryBuilderImpl$4.perform(EntityManagerFactoryBuilderImpl.java:850)
	at org.hibernate.boot.registry.classloading.internal.ClassLoaderServiceImpl.withTccl(ClassLoaderServiceImpl.java:425)
	at org.hibernate.jpa.boot.internal.EntityManagerFactoryBuilderImpl.build(EntityManagerFactoryBuilderImpl.java:849)
	at org.springframework.orm.jpa.vendor.SpringHibernateJpaPersistenceProvider.createContainerEntityManagerFactory(SpringHibernateJpaPersistenceProvider.java:60)
	at org.springframework.orm.jpa.LocalContainerEntityManagerFactoryBean.createNativeEntityManagerFactory(LocalContainerEntityManagerFactoryBean.java:343)
	at org.springframework.orm.jpa.AbstractEntityManagerFactoryBean.afterPropertiesSet(AbstractEntityManagerFactoryBean.java:318)
	at org.springframework.beans.factory.support.AbstractAutowireCapableBeanFactory.invokeInitMethods(AbstractAutowireCapableBeanFactory.java:1637)
	at org.springframework.beans.factory.support.AbstractAutowireCapableBeanFactory.initializeBean(AbstractAutowireCapableBeanFactory.java:1574)
	at org.springframework.beans.factory.support.AbstractAutowireCapableBeanFactory.doCreateBean(AbstractAutowireCapableBeanFactory.java:545)
	at org.springframework.beans.factory.support.AbstractAutowireCapableBeanFactory.createBean(AbstractAutowireCapableBeanFactory.java:482)
	at org.springframework.beans.factory.support.AbstractBeanFactory$1.getObject(AbstractBeanFactory.java:306)
	at org.springframework.beans.factory.support.DefaultSingletonBeanRegistry.getSingleton(DefaultSingletonBeanRegistry.java:230)
	at org.springframework.beans.factory.support.AbstractBeanFactory.doGetBean(AbstractBeanFactory.java:302)
	at org.springframework.beans.factory.support.AbstractBeanFactory.getBean(AbstractBeanFactory.java:197)
	at org.springframework.context.support.AbstractApplicationContext.getBean(AbstractApplicationContext.java:1054)
	at org.springframework.context.support.AbstractApplicationContext.finishBeanFactoryInitialization(AbstractApplicationContext.java:829)
	at org.springframework.context.support.AbstractApplicationContext.refresh(AbstractApplicationContext.java:538)
	at org.springframework.boot.context.embedded.EmbeddedWebApplicationContext.refresh(EmbeddedWebApplicationContext.java:118)
	at org.springframework.boot.SpringApplication.refresh(SpringApplication.java:764)
	at org.springframework.boot.SpringApplication.doRun(SpringApplication.java:357)
	at org.springframework.boot.SpringApplication.run(SpringApplication.java:305)
	at org.springframework.boot.SpringApplication.run(SpringApplication.java:1124)
	at org.springframework.boot.SpringApplication.run(SpringApplication.java:1113)
	at info.smartkit.shiny.guide.DataServiceApplication.main(DataServiceApplication.java:10)
	at sun.reflect.NativeMethodAccessorImpl.invoke0(Native Method)
	at sun.reflect.NativeMethodAccessorImpl.invoke(NativeMethodAccessorImpl.java:62)
	at sun.reflect.DelegatingMethodAccessorImpl.invoke(DelegatingMethodAccessorImpl.java:43)
	at java.lang.reflect.Method.invoke(Method.java:497)
	at org.springframework.boot.loader.MainMethodRunner.run(MainMethodRunner.java:53)
	at java.lang.Thread.run(Thread.java:745)
Caused by: com.mysql.jdbc.exceptions.jdbc4.CommunicationsException: Communications link failure

The last packet sent successfully to the server was 0 milliseconds ago. The driver has not received any packets from the server.
	at sun.reflect.NativeConstructorAccessorImpl.newInstance0(Native Method)
	at sun.reflect.NativeConstructorAccessorImpl.newInstance(NativeConstructorAccessorImpl.java:62)
	at sun.reflect.DelegatingConstructorAccessorImpl.newInstance(DelegatingConstructorAccessorImpl.java:45)
	at java.lang.reflect.Constructor.newInstance(Constructor.java:422)
	at com.mysql.jdbc.Util.handleNewInstance(Util.java:404)
	at com.mysql.jdbc.SQLError.createCommunicationsException(SQLError.java:981)
	at com.mysql.jdbc.MysqlIO.<init>(MysqlIO.java:339)
	at com.mysql.jdbc.ConnectionImpl.coreConnect(ConnectionImpl.java:2253)
	at com.mysql.jdbc.ConnectionImpl.connectWithRetries(ConnectionImpl.java:2106)
	... 58 more
Caused by: java.net.NoRouteToHostException: No route to host
	at java.net.PlainSocketImpl.socketConnect(Native Method)
	at java.net.AbstractPlainSocketImpl.doConnect(AbstractPlainSocketImpl.java:345)
	at java.net.AbstractPlainSocketImpl.connectToAddress(AbstractPlainSocketImpl.java:206)
	at java.net.AbstractPlainSocketImpl.connect(AbstractPlainSocketImpl.java:188)
	at java.net.SocksSocketImpl.connect(SocksSocketImpl.java:392)
	at java.net.Socket.connect(Socket.java:589)
	at com.mysql.jdbc.StandardSocketFactory.connect(StandardSocketFactory.java:211)
	at com.mysql.jdbc.MysqlIO.<init>(MysqlIO.java:298)
	... 60 more

2017-10-17 15:46:56.672  WARN 78893 --- [main] o.h.e.j.i.JdbcServicesImpl               : HHH000342: Could not obtain connection to query metadata : Could not create connection to database server. Attempted reconnect 3 times. Giving up.
2017-10-17 15:46:56.684  INFO 78893 --- [main] o.h.d.Dialect                            : HHH000400: Using dialect: org.hibernate.dialect.MySQL5Dialect
2017-10-17 15:46:56.697  INFO 78893 --- [main] o.h.e.j.i.LobCreatorBuilder              : HHH000422: Disabling contextual LOB creation as connection was null
2017-10-17 15:46:56.896  INFO 78893 --- [main] o.h.h.i.a.ASTQueryTranslatorFactory      : HHH000397: Using ASTQueryTranslatorFactory
2017-10-17 15:46:57.445  INFO 78893 --- [main] o.h.t.h.SchemaUpdate                     : HHH000228: Running hbm2ddl schema update
2017-10-17 15:46:57.453  INFO 78893 --- [main] o.h.t.h.SchemaUpdate                     : HHH000102: Fetching database metadata
2017-10-17 15:47:01.474 ERROR 78893 --- [main] o.a.t.j.p.ConnectionPool                 : Unable to create initial connections of pool.

com.mysql.jdbc.exceptions.jdbc4.MySQLNonTransientConnectionException: Could not create connection to database server. Attempted reconnect 3 times. Giving up.
	at sun.reflect.NativeConstructorAccessorImpl.newInstance0(Native Method)
	at sun.reflect.NativeConstructorAccessorImpl.newInstance(NativeConstructorAccessorImpl.java:62)
	at sun.reflect.DelegatingConstructorAccessorImpl.newInstance(DelegatingConstructorAccessorImpl.java:45)
	at java.lang.reflect.Constructor.newInstance(Constructor.java:422)
	at com.mysql.jdbc.Util.handleNewInstance(Util.java:404)
	at com.mysql.jdbc.Util.getInstance(Util.java:387)
	at com.mysql.jdbc.SQLError.createSQLException(SQLError.java:917)
	at com.mysql.jdbc.SQLError.createSQLException(SQLError.java:896)
	at com.mysql.jdbc.SQLError.createSQLException(SQLError.java:885)
	at com.mysql.jdbc.SQLError.createSQLException(SQLError.java:860)
	at com.mysql.jdbc.ConnectionImpl.connectWithRetries(ConnectionImpl.java:2165)
	at com.mysql.jdbc.ConnectionImpl.createNewIO(ConnectionImpl.java:2090)
	at com.mysql.jdbc.ConnectionImpl.<init>(ConnectionImpl.java:795)
	at com.mysql.jdbc.JDBC4Connection.<init>(JDBC4Connection.java:44)
	at sun.reflect.NativeConstructorAccessorImpl.newInstance0(Native Method)
	at sun.reflect.NativeConstructorAccessorImpl.newInstance(NativeConstructorAccessorImpl.java:62)
	at sun.reflect.DelegatingConstructorAccessorImpl.newInstance(DelegatingConstructorAccessorImpl.java:45)
	at java.lang.reflect.Constructor.newInstance(Constructor.java:422)
	at com.mysql.jdbc.Util.handleNewInstance(Util.java:404)
	at com.mysql.jdbc.ConnectionImpl.getInstance(ConnectionImpl.java:400)
	at com.mysql.jdbc.NonRegisteringDriver.connect(NonRegisteringDriver.java:327)
	at org.apache.tomcat.jdbc.pool.PooledConnection.connectUsingDriver(PooledConnection.java:307)
	at org.apache.tomcat.jdbc.pool.PooledConnection.connect(PooledConnection.java:200)
	at org.apache.tomcat.jdbc.pool.ConnectionPool.createConnection(ConnectionPool.java:708)
	at org.apache.tomcat.jdbc.pool.ConnectionPool.borrowConnection(ConnectionPool.java:642)
	at org.apache.tomcat.jdbc.pool.ConnectionPool.init(ConnectionPool.java:464)
	at org.apache.tomcat.jdbc.pool.ConnectionPool.<init>(ConnectionPool.java:141)
	at org.apache.tomcat.jdbc.pool.DataSourceProxy.pCreatePool(DataSourceProxy.java:115)
	at org.apache.tomcat.jdbc.pool.DataSourceProxy.createPool(DataSourceProxy.java:102)
	at org.apache.tomcat.jdbc.pool.DataSourceProxy.getConnection(DataSourceProxy.java:126)
	at org.hibernate.engine.jdbc.connections.internal.DatasourceConnectionProviderImpl.getConnection(DatasourceConnectionProviderImpl.java:139)
	at org.hibernate.tool.hbm2ddl.SuppliedConnectionProviderConnectionHelper.prepare(SuppliedConnectionProviderConnectionHelper.java:51)
	at org.hibernate.tool.hbm2ddl.SchemaUpdate.execute(SchemaUpdate.java:219)
	at org.hibernate.tool.hbm2ddl.SchemaUpdate.execute(SchemaUpdate.java:203)
	at org.hibernate.internal.SessionFactoryImpl.<init>(SessionFactoryImpl.java:522)
	at org.hibernate.cfg.Configuration.buildSessionFactory(Configuration.java:1859)
	at org.hibernate.jpa.boot.internal.EntityManagerFactoryBuilderImpl$4.perform(EntityManagerFactoryBuilderImpl.java:857)
	at org.hibernate.jpa.boot.internal.EntityManagerFactoryBuilderImpl$4.perform(EntityManagerFactoryBuilderImpl.java:850)
	at org.hibernate.boot.registry.classloading.internal.ClassLoaderServiceImpl.withTccl(ClassLoaderServiceImpl.java:425)
	at org.hibernate.jpa.boot.internal.EntityManagerFactoryBuilderImpl.build(EntityManagerFactoryBuilderImpl.java:849)
	at org.springframework.orm.jpa.vendor.SpringHibernateJpaPersistenceProvider.createContainerEntityManagerFactory(SpringHibernateJpaPersistenceProvider.java:60)
	at org.springframework.orm.jpa.LocalContainerEntityManagerFactoryBean.createNativeEntityManagerFactory(LocalContainerEntityManagerFactoryBean.java:343)
	at org.springframework.orm.jpa.AbstractEntityManagerFactoryBean.afterPropertiesSet(AbstractEntityManagerFactoryBean.java:318)
	at org.springframework.beans.factory.support.AbstractAutowireCapableBeanFactory.invokeInitMethods(AbstractAutowireCapableBeanFactory.java:1637)
	at org.springframework.beans.factory.support.AbstractAutowireCapableBeanFactory.initializeBean(AbstractAutowireCapableBeanFactory.java:1574)
	at org.springframework.beans.factory.support.AbstractAutowireCapableBeanFactory.doCreateBean(AbstractAutowireCapableBeanFactory.java:545)
	at org.springframework.beans.factory.support.AbstractAutowireCapableBeanFactory.createBean(AbstractAutowireCapableBeanFactory.java:482)
	at org.springframework.beans.factory.support.AbstractBeanFactory$1.getObject(AbstractBeanFactory.java:306)
	at org.springframework.beans.factory.support.DefaultSingletonBeanRegistry.getSingleton(DefaultSingletonBeanRegistry.java:230)
	at org.springframework.beans.factory.support.AbstractBeanFactory.doGetBean(AbstractBeanFactory.java:302)
	at org.springframework.beans.factory.support.AbstractBeanFactory.getBean(AbstractBeanFactory.java:197)
	at org.springframework.context.support.AbstractApplicationContext.getBean(AbstractApplicationContext.java:1054)
	at org.springframework.context.support.AbstractApplicationContext.finishBeanFactoryInitialization(AbstractApplicationContext.java:829)
	at org.springframework.context.support.AbstractApplicationContext.refresh(AbstractApplicationContext.java:538)
	at org.springframework.boot.context.embedded.EmbeddedWebApplicationContext.refresh(EmbeddedWebApplicationContext.java:118)
	at org.springframework.boot.SpringApplication.refresh(SpringApplication.java:764)
	at org.springframework.boot.SpringApplication.doRun(SpringApplication.java:357)
	at org.springframework.boot.SpringApplication.run(SpringApplication.java:305)
	at org.springframework.boot.SpringApplication.run(SpringApplication.java:1124)
	at org.springframework.boot.SpringApplication.run(SpringApplication.java:1113)
	at info.smartkit.shiny.guide.DataServiceApplication.main(DataServiceApplication.java:10)
	at sun.reflect.NativeMethodAccessorImpl.invoke0(Native Method)
	at sun.reflect.NativeMethodAccessorImpl.invoke(NativeMethodAccessorImpl.java:62)
	at sun.reflect.DelegatingMethodAccessorImpl.invoke(DelegatingMethodAccessorImpl.java:43)
	at java.lang.reflect.Method.invoke(Method.java:497)
	at org.springframework.boot.loader.MainMethodRunner.run(MainMethodRunner.java:53)
	at java.lang.Thread.run(Thread.java:745)
Caused by: com.mysql.jdbc.exceptions.jdbc4.CommunicationsException: Communications link failure

The last packet sent successfully to the server was 0 milliseconds ago. The driver has not received any packets from the server.
	at sun.reflect.NativeConstructorAccessorImpl.newInstance0(Native Method)
	at sun.reflect.NativeConstructorAccessorImpl.newInstance(NativeConstructorAccessorImpl.java:62)
	at sun.reflect.DelegatingConstructorAccessorImpl.newInstance(DelegatingConstructorAccessorImpl.java:45)
	at java.lang.reflect.Constructor.newInstance(Constructor.java:422)
	at com.mysql.jdbc.Util.handleNewInstance(Util.java:404)
	at com.mysql.jdbc.SQLError.createCommunicationsException(SQLError.java:981)
	at com.mysql.jdbc.MysqlIO.<init>(MysqlIO.java:339)
	at com.mysql.jdbc.ConnectionImpl.coreConnect(ConnectionImpl.java:2253)
	at com.mysql.jdbc.ConnectionImpl.connectWithRetries(ConnectionImpl.java:2106)
	... 56 more
Caused by: java.net.NoRouteToHostException: No route to host
	at java.net.PlainSocketImpl.socketConnect(Native Method)
	at java.net.AbstractPlainSocketImpl.doConnect(AbstractPlainSocketImpl.java:345)
	at java.net.AbstractPlainSocketImpl.connectToAddress(AbstractPlainSocketImpl.java:206)
	at java.net.AbstractPlainSocketImpl.connect(AbstractPlainSocketImpl.java:188)
	at java.net.SocksSocketImpl.connect(SocksSocketImpl.java:392)
	at java.net.Socket.connect(Socket.java:589)
	at com.mysql.jdbc.StandardSocketFactory.connect(StandardSocketFactory.java:211)
	at com.mysql.jdbc.MysqlIO.<init>(MysqlIO.java:298)
	... 58 more

2017-10-17 15:47:01.487 ERROR 78893 --- [main] o.h.t.h.SchemaUpdate                     : HHH000319: Could not get database metadata

com.mysql.jdbc.exceptions.jdbc4.MySQLNonTransientConnectionException: Could not create connection to database server. Attempted reconnect 3 times. Giving up.
	at sun.reflect.NativeConstructorAccessorImpl.newInstance0(Native Method)
	at sun.reflect.NativeConstructorAccessorImpl.newInstance(NativeConstructorAccessorImpl.java:62)
	at sun.reflect.DelegatingConstructorAccessorImpl.newInstance(DelegatingConstructorAccessorImpl.java:45)
	at java.lang.reflect.Constructor.newInstance(Constructor.java:422)
	at com.mysql.jdbc.Util.handleNewInstance(Util.java:404)
	at com.mysql.jdbc.Util.getInstance(Util.java:387)
	at com.mysql.jdbc.SQLError.createSQLException(SQLError.java:917)
	at com.mysql.jdbc.SQLError.createSQLException(SQLError.java:896)
	at com.mysql.jdbc.SQLError.createSQLException(SQLError.java:885)
	at com.mysql.jdbc.SQLError.createSQLException(SQLError.java:860)
	at com.mysql.jdbc.ConnectionImpl.connectWithRetries(ConnectionImpl.java:2165)
	at com.mysql.jdbc.ConnectionImpl.createNewIO(ConnectionImpl.java:2090)
	at com.mysql.jdbc.ConnectionImpl.<init>(ConnectionImpl.java:795)
	at com.mysql.jdbc.JDBC4Connection.<init>(JDBC4Connection.java:44)
	at sun.reflect.NativeConstructorAccessorImpl.newInstance0(Native Method)
	at sun.reflect.NativeConstructorAccessorImpl.newInstance(NativeConstructorAccessorImpl.java:62)
	at sun.reflect.DelegatingConstructorAccessorImpl.newInstance(DelegatingConstructorAccessorImpl.java:45)
	at java.lang.reflect.Constructor.newInstance(Constructor.java:422)
	at com.mysql.jdbc.Util.handleNewInstance(Util.java:404)
	at com.mysql.jdbc.ConnectionImpl.getInstance(ConnectionImpl.java:400)
	at com.mysql.jdbc.NonRegisteringDriver.connect(NonRegisteringDriver.java:327)
	at org.apache.tomcat.jdbc.pool.PooledConnection.connectUsingDriver(PooledConnection.java:307)
	at org.apache.tomcat.jdbc.pool.PooledConnection.connect(PooledConnection.java:200)
	at org.apache.tomcat.jdbc.pool.ConnectionPool.createConnection(ConnectionPool.java:708)
	at org.apache.tomcat.jdbc.pool.ConnectionPool.borrowConnection(ConnectionPool.java:642)
	at org.apache.tomcat.jdbc.pool.ConnectionPool.init(ConnectionPool.java:464)
	at org.apache.tomcat.jdbc.pool.ConnectionPool.<init>(ConnectionPool.java:141)
	at org.apache.tomcat.jdbc.pool.DataSourceProxy.pCreatePool(DataSourceProxy.java:115)
	at org.apache.tomcat.jdbc.pool.DataSourceProxy.createPool(DataSourceProxy.java:102)
	at org.apache.tomcat.jdbc.pool.DataSourceProxy.getConnection(DataSourceProxy.java:126)
	at org.hibernate.engine.jdbc.connections.internal.DatasourceConnectionProviderImpl.getConnection(DatasourceConnectionProviderImpl.java:139)
	at org.hibernate.tool.hbm2ddl.SuppliedConnectionProviderConnectionHelper.prepare(SuppliedConnectionProviderConnectionHelper.java:51)
	at org.hibernate.tool.hbm2ddl.SchemaUpdate.execute(SchemaUpdate.java:219)
	at org.hibernate.tool.hbm2ddl.SchemaUpdate.execute(SchemaUpdate.java:203)
	at org.hibernate.internal.SessionFactoryImpl.<init>(SessionFactoryImpl.java:522)
	at org.hibernate.cfg.Configuration.buildSessionFactory(Configuration.java:1859)
	at org.hibernate.jpa.boot.internal.EntityManagerFactoryBuilderImpl$4.perform(EntityManagerFactoryBuilderImpl.java:857)
	at org.hibernate.jpa.boot.internal.EntityManagerFactoryBuilderImpl$4.perform(EntityManagerFactoryBuilderImpl.java:850)
	at org.hibernate.boot.registry.classloading.internal.ClassLoaderServiceImpl.withTccl(ClassLoaderServiceImpl.java:425)
	at org.hibernate.jpa.boot.internal.EntityManagerFactoryBuilderImpl.build(EntityManagerFactoryBuilderImpl.java:849)
	at org.springframework.orm.jpa.vendor.SpringHibernateJpaPersistenceProvider.createContainerEntityManagerFactory(SpringHibernateJpaPersistenceProvider.java:60)
	at org.springframework.orm.jpa.LocalContainerEntityManagerFactoryBean.createNativeEntityManagerFactory(LocalContainerEntityManagerFactoryBean.java:343)
	at org.springframework.orm.jpa.AbstractEntityManagerFactoryBean.afterPropertiesSet(AbstractEntityManagerFactoryBean.java:318)
	at org.springframework.beans.factory.support.AbstractAutowireCapableBeanFactory.invokeInitMethods(AbstractAutowireCapableBeanFactory.java:1637)
	at org.springframework.beans.factory.support.AbstractAutowireCapableBeanFactory.initializeBean(AbstractAutowireCapableBeanFactory.java:1574)
	at org.springframework.beans.factory.support.AbstractAutowireCapableBeanFactory.doCreateBean(AbstractAutowireCapableBeanFactory.java:545)
	at org.springframework.beans.factory.support.AbstractAutowireCapableBeanFactory.createBean(AbstractAutowireCapableBeanFactory.java:482)
	at org.springframework.beans.factory.support.AbstractBeanFactory$1.getObject(AbstractBeanFactory.java:306)
	at org.springframework.beans.factory.support.DefaultSingletonBeanRegistry.getSingleton(DefaultSingletonBeanRegistry.java:230)
	at org.springframework.beans.factory.support.AbstractBeanFactory.doGetBean(AbstractBeanFactory.java:302)
	at org.springframework.beans.factory.support.AbstractBeanFactory.getBean(AbstractBeanFactory.java:197)
	at org.springframework.context.support.AbstractApplicationContext.getBean(AbstractApplicationContext.java:1054)
	at org.springframework.context.support.AbstractApplicationContext.finishBeanFactoryInitialization(AbstractApplicationContext.java:829)
	at org.springframework.context.support.AbstractApplicationContext.refresh(AbstractApplicationContext.java:538)
	at org.springframework.boot.context.embedded.EmbeddedWebApplicationContext.refresh(EmbeddedWebApplicationContext.java:118)
	at org.springframework.boot.SpringApplication.refresh(SpringApplication.java:764)
	at org.springframework.boot.SpringApplication.doRun(SpringApplication.java:357)
	at org.springframework.boot.SpringApplication.run(SpringApplication.java:305)
	at org.springframework.boot.SpringApplication.run(SpringApplication.java:1124)
	at org.springframework.boot.SpringApplication.run(SpringApplication.java:1113)
	at info.smartkit.shiny.guide.DataServiceApplication.main(DataServiceApplication.java:10)
	at sun.reflect.NativeMethodAccessorImpl.invoke0(Native Method)
	at sun.reflect.NativeMethodAccessorImpl.invoke(NativeMethodAccessorImpl.java:62)
	at sun.reflect.DelegatingMethodAccessorImpl.invoke(DelegatingMethodAccessorImpl.java:43)
	at java.lang.reflect.Method.invoke(Method.java:497)
	at org.springframework.boot.loader.MainMethodRunner.run(MainMethodRunner.java:53)
	at java.lang.Thread.run(Thread.java:745)
Caused by: com.mysql.jdbc.exceptions.jdbc4.CommunicationsException: Communications link failure

The last packet sent successfully to the server was 0 milliseconds ago. The driver has not received any packets from the server.
	at sun.reflect.NativeConstructorAccessorImpl.newInstance0(Native Method)
	at sun.reflect.NativeConstructorAccessorImpl.newInstance(NativeConstructorAccessorImpl.java:62)
	at sun.reflect.DelegatingConstructorAccessorImpl.newInstance(DelegatingConstructorAccessorImpl.java:45)
	at java.lang.reflect.Constructor.newInstance(Constructor.java:422)
	at com.mysql.jdbc.Util.handleNewInstance(Util.java:404)
	at com.mysql.jdbc.SQLError.createCommunicationsException(SQLError.java:981)
	at com.mysql.jdbc.MysqlIO.<init>(MysqlIO.java:339)
	at com.mysql.jdbc.ConnectionImpl.coreConnect(ConnectionImpl.java:2253)
	at com.mysql.jdbc.ConnectionImpl.connectWithRetries(ConnectionImpl.java:2106)
	... 56 more
Caused by: java.net.NoRouteToHostException: No route to host
	at java.net.PlainSocketImpl.socketConnect(Native Method)
	at java.net.AbstractPlainSocketImpl.doConnect(AbstractPlainSocketImpl.java:345)
	at java.net.AbstractPlainSocketImpl.connectToAddress(AbstractPlainSocketImpl.java:206)
	at java.net.AbstractPlainSocketImpl.connect(AbstractPlainSocketImpl.java:188)
	at java.net.SocksSocketImpl.connect(SocksSocketImpl.java:392)
	at java.net.Socket.connect(Socket.java:589)
	at com.mysql.jdbc.StandardSocketFactory.connect(StandardSocketFactory.java:211)
	at com.mysql.jdbc.MysqlIO.<init>(MysqlIO.java:298)
	... 58 more

2017-10-17 15:47:01.489 ERROR 78893 --- [main] o.h.t.h.SchemaUpdate                     : HHH000299: Could not complete schema update

com.mysql.jdbc.exceptions.jdbc4.MySQLNonTransientConnectionException: Could not create connection to database server. Attempted reconnect 3 times. Giving up.
	at sun.reflect.NativeConstructorAccessorImpl.newInstance0(Native Method)
	at sun.reflect.NativeConstructorAccessorImpl.newInstance(NativeConstructorAccessorImpl.java:62)
	at sun.reflect.DelegatingConstructorAccessorImpl.newInstance(DelegatingConstructorAccessorImpl.java:45)
	at java.lang.reflect.Constructor.newInstance(Constructor.java:422)
	at com.mysql.jdbc.Util.handleNewInstance(Util.java:404)
	at com.mysql.jdbc.Util.getInstance(Util.java:387)
	at com.mysql.jdbc.SQLError.createSQLException(SQLError.java:917)
	at com.mysql.jdbc.SQLError.createSQLException(SQLError.java:896)
	at com.mysql.jdbc.SQLError.createSQLException(SQLError.java:885)
	at com.mysql.jdbc.SQLError.createSQLException(SQLError.java:860)
	at com.mysql.jdbc.ConnectionImpl.connectWithRetries(ConnectionImpl.java:2165)
	at com.mysql.jdbc.ConnectionImpl.createNewIO(ConnectionImpl.java:2090)
	at com.mysql.jdbc.ConnectionImpl.<init>(ConnectionImpl.java:795)
	at com.mysql.jdbc.JDBC4Connection.<init>(JDBC4Connection.java:44)
	at sun.reflect.NativeConstructorAccessorImpl.newInstance0(Native Method)
	at sun.reflect.NativeConstructorAccessorImpl.newInstance(NativeConstructorAccessorImpl.java:62)
	at sun.reflect.DelegatingConstructorAccessorImpl.newInstance(DelegatingConstructorAccessorImpl.java:45)
	at java.lang.reflect.Constructor.newInstance(Constructor.java:422)
	at com.mysql.jdbc.Util.handleNewInstance(Util.java:404)
	at com.mysql.jdbc.ConnectionImpl.getInstance(ConnectionImpl.java:400)
	at com.mysql.jdbc.NonRegisteringDriver.connect(NonRegisteringDriver.java:327)
	at org.apache.tomcat.jdbc.pool.PooledConnection.connectUsingDriver(PooledConnection.java:307)
	at org.apache.tomcat.jdbc.pool.PooledConnection.connect(PooledConnection.java:200)
	at org.apache.tomcat.jdbc.pool.ConnectionPool.createConnection(ConnectionPool.java:708)
	at org.apache.tomcat.jdbc.pool.ConnectionPool.borrowConnection(ConnectionPool.java:642)
	at org.apache.tomcat.jdbc.pool.ConnectionPool.init(ConnectionPool.java:464)
	at org.apache.tomcat.jdbc.pool.ConnectionPool.<init>(ConnectionPool.java:141)
	at org.apache.tomcat.jdbc.pool.DataSourceProxy.pCreatePool(DataSourceProxy.java:115)
	at org.apache.tomcat.jdbc.pool.DataSourceProxy.createPool(DataSourceProxy.java:102)
	at org.apache.tomcat.jdbc.pool.DataSourceProxy.getConnection(DataSourceProxy.java:126)
	at org.hibernate.engine.jdbc.connections.internal.DatasourceConnectionProviderImpl.getConnection(DatasourceConnectionProviderImpl.java:139)
	at org.hibernate.tool.hbm2ddl.SuppliedConnectionProviderConnectionHelper.prepare(SuppliedConnectionProviderConnectionHelper.java:51)
	at org.hibernate.tool.hbm2ddl.SchemaUpdate.execute(SchemaUpdate.java:219)
	at org.hibernate.tool.hbm2ddl.SchemaUpdate.execute(SchemaUpdate.java:203)
	at org.hibernate.internal.SessionFactoryImpl.<init>(SessionFactoryImpl.java:522)
	at org.hibernate.cfg.Configuration.buildSessionFactory(Configuration.java:1859)
	at org.hibernate.jpa.boot.internal.EntityManagerFactoryBuilderImpl$4.perform(EntityManagerFactoryBuilderImpl.java:857)
	at org.hibernate.jpa.boot.internal.EntityManagerFactoryBuilderImpl$4.perform(EntityManagerFactoryBuilderImpl.java:850)
	at org.hibernate.boot.registry.classloading.internal.ClassLoaderServiceImpl.withTccl(ClassLoaderServiceImpl.java:425)
	at org.hibernate.jpa.boot.internal.EntityManagerFactoryBuilderImpl.build(EntityManagerFactoryBuilderImpl.java:849)
	at org.springframework.orm.jpa.vendor.SpringHibernateJpaPersistenceProvider.createContainerEntityManagerFactory(SpringHibernateJpaPersistenceProvider.java:60)
	at org.springframework.orm.jpa.LocalContainerEntityManagerFactoryBean.createNativeEntityManagerFactory(LocalContainerEntityManagerFactoryBean.java:343)
	at org.springframework.orm.jpa.AbstractEntityManagerFactoryBean.afterPropertiesSet(AbstractEntityManagerFactoryBean.java:318)
	at org.springframework.beans.factory.support.AbstractAutowireCapableBeanFactory.invokeInitMethods(AbstractAutowireCapableBeanFactory.java:1637)
	at org.springframework.beans.factory.support.AbstractAutowireCapableBeanFactory.initializeBean(AbstractAutowireCapableBeanFactory.java:1574)
	at org.springframework.beans.factory.support.AbstractAutowireCapableBeanFactory.doCreateBean(AbstractAutowireCapableBeanFactory.java:545)
	at org.springframework.beans.factory.support.AbstractAutowireCapableBeanFactory.createBean(AbstractAutowireCapableBeanFactory.java:482)
	at org.springframework.beans.factory.support.AbstractBeanFactory$1.getObject(AbstractBeanFactory.java:306)
	at org.springframework.beans.factory.support.DefaultSingletonBeanRegistry.getSingleton(DefaultSingletonBeanRegistry.java:230)
	at org.springframework.beans.factory.support.AbstractBeanFactory.doGetBean(AbstractBeanFactory.java:302)
	at org.springframework.beans.factory.support.AbstractBeanFactory.getBean(AbstractBeanFactory.java:197)
	at org.springframework.context.support.AbstractApplicationContext.getBean(AbstractApplicationContext.java:1054)
	at org.springframework.context.support.AbstractApplicationContext.finishBeanFactoryInitialization(AbstractApplicationContext.java:829)
	at org.springframework.context.support.AbstractApplicationContext.refresh(AbstractApplicationContext.java:538)
	at org.springframework.boot.context.embedded.EmbeddedWebApplicationContext.refresh(EmbeddedWebApplicationContext.java:118)
	at org.springframework.boot.SpringApplication.refresh(SpringApplication.java:764)
	at org.springframework.boot.SpringApplication.doRun(SpringApplication.java:357)
	at org.springframework.boot.SpringApplication.run(SpringApplication.java:305)
	at org.springframework.boot.SpringApplication.run(SpringApplication.java:1124)
	at org.springframework.boot.SpringApplication.run(SpringApplication.java:1113)
	at info.smartkit.shiny.guide.DataServiceApplication.main(DataServiceApplication.java:10)
	at sun.reflect.NativeMethodAccessorImpl.invoke0(Native Method)
	at sun.reflect.NativeMethodAccessorImpl.invoke(NativeMethodAccessorImpl.java:62)
	at sun.reflect.DelegatingMethodAccessorImpl.invoke(DelegatingMethodAccessorImpl.java:43)
	at java.lang.reflect.Method.invoke(Method.java:497)
	at org.springframework.boot.loader.MainMethodRunner.run(MainMethodRunner.java:53)
	at java.lang.Thread.run(Thread.java:745)
Caused by: com.mysql.jdbc.exceptions.jdbc4.CommunicationsException: Communications link failure

The last packet sent successfully to the server was 0 milliseconds ago. The driver has not received any packets from the server.
	at sun.reflect.NativeConstructorAccessorImpl.newInstance0(Native Method)
	at sun.reflect.NativeConstructorAccessorImpl.newInstance(NativeConstructorAccessorImpl.java:62)
	at sun.reflect.DelegatingConstructorAccessorImpl.newInstance(DelegatingConstructorAccessorImpl.java:45)
	at java.lang.reflect.Constructor.newInstance(Constructor.java:422)
	at com.mysql.jdbc.Util.handleNewInstance(Util.java:404)
	at com.mysql.jdbc.SQLError.createCommunicationsException(SQLError.java:981)
	at com.mysql.jdbc.MysqlIO.<init>(MysqlIO.java:339)
	at com.mysql.jdbc.ConnectionImpl.coreConnect(ConnectionImpl.java:2253)
	at com.mysql.jdbc.ConnectionImpl.connectWithRetries(ConnectionImpl.java:2106)
	... 56 more
Caused by: java.net.NoRouteToHostException: No route to host
	at java.net.PlainSocketImpl.socketConnect(Native Method)
	at java.net.AbstractPlainSocketImpl.doConnect(AbstractPlainSocketImpl.java:345)
	at java.net.AbstractPlainSocketImpl.connectToAddress(AbstractPlainSocketImpl.java:206)
	at java.net.AbstractPlainSocketImpl.connect(AbstractPlainSocketImpl.java:188)
	at java.net.SocksSocketImpl.connect(SocksSocketImpl.java:392)
	at java.net.Socket.connect(Socket.java:589)
	at com.mysql.jdbc.StandardSocketFactory.connect(StandardSocketFactory.java:211)
	at com.mysql.jdbc.MysqlIO.<init>(MysqlIO.java:298)
	... 58 more

2017-10-17 15:47:03.289  INFO 78893 --- [main] s.w.s.m.m.a.RequestMappingHandlerMapping : Mapped "{[/consult/{id}],methods=[GET]}" onto public info.smartkit.shiny.guide.dto.JsonObject info.smartkit.shiny.guide.controllers.ConsultInfoController.get(long)
2017-10-17 15:47:03.298  INFO 78893 --- [main] s.w.s.m.m.a.RequestMappingHandlerMapping : Mapped "{[/consult/{id}],methods=[DELETE]}" onto public info.smartkit.shiny.guide.dto.JsonObject info.smartkit.shiny.guide.controllers.ConsultInfoController.delete(long)
2017-10-17 15:47:03.299  INFO 78893 --- [main] s.w.s.m.m.a.RequestMappingHandlerMapping : Mapped "{[/consult],methods=[GET]}" onto public info.smartkit.shiny.guide.dto.JsonObject info.smartkit.shiny.guide.controllers.ConsultInfoController.list()
2017-10-17 15:47:03.299  INFO 78893 --- [main] s.w.s.m.m.a.RequestMappingHandlerMapping : Mapped "{[/consult],methods=[POST],consumes=[application/json]}" onto public info.smartkit.shiny.guide.dto.JsonObject info.smartkit.shiny.guide.controllers.ConsultInfoController.create(info.smartkit.shiny.guide.vo.ConsultInfo)
2017-10-17 15:47:03.300  INFO 78893 --- [main] s.w.s.m.m.a.RequestMappingHandlerMapping : Mapped "{[/consult/{id}/iid/{iid}/pid/{pid}],methods=[PUT]}" onto public info.smartkit.shiny.guide.dto.JsonObject info.smartkit.shiny.guide.controllers.ConsultInfoController.patch(long,int,int)
2017-10-17 15:47:03.301  INFO 78893 --- [main] s.w.s.m.m.a.RequestMappingHandlerMapping : Mapped "{[/diagnosis/user/{id}],methods=[GET]}" onto public info.smartkit.shiny.guide.dto.ConsultInfoFull info.smartkit.shiny.guide.controllers.DiagnosisController.getByUser(long) throws java.lang.Exception
2017-10-17 15:47:03.302  INFO 78893 --- [main] s.w.s.m.m.a.RequestMappingHandlerMapping : Mapped "{[/diagnosis/user/infer/{id}/{order}],methods=[GET]}" onto public java.util.List<info.smartkit.shiny.guide.vo.ConsultEinstrMpers> info.smartkit.shiny.guide.controllers.DiagnosisController.inferByFacts(long,int) throws java.lang.Exception
2017-10-17 15:47:03.308  INFO 78893 --- [main] s.w.s.m.m.a.RequestMappingHandlerMapping : Mapped "{[/instruction/{id}],methods=[GET]}" onto public info.smartkit.shiny.guide.dto.JsonObject info.smartkit.shiny.guide.controllers.EInstructionController.get(long)
2017-10-17 15:47:03.308  INFO 78893 --- [main] s.w.s.m.m.a.RequestMappingHandlerMapping : Mapped "{[/instruction/{id}],methods=[DELETE]}" onto public info.smartkit.shiny.guide.dto.JsonObject info.smartkit.shiny.guide.controllers.EInstructionController.delete(long)
2017-10-17 15:47:03.309  INFO 78893 --- [main] s.w.s.m.m.a.RequestMappingHandlerMapping : Mapped "{[/instruction],methods=[GET]}" onto public info.smartkit.shiny.guide.dto.JsonObject info.smartkit.shiny.guide.controllers.EInstructionController.list()
2017-10-17 15:47:03.309  INFO 78893 --- [main] s.w.s.m.m.a.RequestMappingHandlerMapping : Mapped "{[/instruction],methods=[POST],consumes=[application/json]}" onto public info.smartkit.shiny.guide.dto.JsonObject info.smartkit.shiny.guide.controllers.EInstructionController.create(info.smartkit.shiny.guide.vo.EInstruction)
2017-10-17 15:47:03.311  INFO 78893 --- [main] s.w.s.m.m.a.RequestMappingHandlerMapping : Mapped "{[/item/detail/{id}],methods=[GET]}" onto public info.smartkit.shiny.guide.dto.JsonObject info.smartkit.shiny.guide.controllers.ItemDetailController.get(long)
2017-10-17 15:47:03.312  INFO 78893 --- [main] s.w.s.m.m.a.RequestMappingHandlerMapping : Mapped "{[/item/detail/{id}],methods=[DELETE]}" onto public info.smartkit.shiny.guide.dto.JsonObject info.smartkit.shiny.guide.controllers.ItemDetailController.delete(long)
2017-10-17 15:47:03.313  INFO 78893 --- [main] s.w.s.m.m.a.RequestMappingHandlerMapping : Mapped "{[/item/detail],methods=[GET]}" onto public info.smartkit.shiny.guide.dto.JsonObject info.smartkit.shiny.guide.controllers.ItemDetailController.list()
2017-10-17 15:47:03.313  INFO 78893 --- [main] s.w.s.m.m.a.RequestMappingHandlerMapping : Mapped "{[/item/detail],methods=[POST],consumes=[application/json]}" onto public info.smartkit.shiny.guide.dto.JsonObject info.smartkit.shiny.guide.controllers.ItemDetailController.create(info.smartkit.shiny.guide.vo.ItemDetail)
2017-10-17 15:47:03.314  INFO 78893 --- [main] s.w.s.m.m.a.RequestMappingHandlerMapping : Mapped "{[/item/detail/{id}],methods=[PUT]}" onto public info.smartkit.shiny.guide.dto.JsonObject info.smartkit.shiny.guide.controllers.ItemDetailController.patch(long,info.smartkit.shiny.guide.vo.ItemDetail)
2017-10-17 15:47:03.316  INFO 78893 --- [main] s.w.s.m.m.a.RequestMappingHandlerMapping : Mapped "{[/item/info/{id}],methods=[GET]}" onto public info.smartkit.shiny.guide.dto.JsonObject info.smartkit.shiny.guide.controllers.ItemInfoController.get(long)
2017-10-17 15:47:03.317  INFO 78893 --- [main] s.w.s.m.m.a.RequestMappingHandlerMapping : Mapped "{[/item/info/{id}],methods=[DELETE]}" onto public info.smartkit.shiny.guide.dto.JsonObject info.smartkit.shiny.guide.controllers.ItemInfoController.delete(long)
2017-10-17 15:47:03.318  INFO 78893 --- [main] s.w.s.m.m.a.RequestMappingHandlerMapping : Mapped "{[/item/info],methods=[GET]}" onto public info.smartkit.shiny.guide.dto.JsonObject info.smartkit.shiny.guide.controllers.ItemInfoController.list()
2017-10-17 15:47:03.319  INFO 78893 --- [main] s.w.s.m.m.a.RequestMappingHandlerMapping : Mapped "{[/item/info],methods=[POST],consumes=[application/json]}" onto public info.smartkit.shiny.guide.dto.JsonObject info.smartkit.shiny.guide.controllers.ItemInfoController.create(info.smartkit.shiny.guide.vo.ItemInfo)
2017-10-17 15:47:03.319  INFO 78893 --- [main] s.w.s.m.m.a.RequestMappingHandlerMapping : Mapped "{[/item/info/{id}/detail/{value}],methods=[PUT]}" onto public info.smartkit.shiny.guide.dto.JsonObject info.smartkit.shiny.guide.controllers.ItemInfoController.patch(long,int)
2017-10-17 15:47:03.321  INFO 78893 --- [main] s.w.s.m.m.a.RequestMappingHandlerMapping : Mapped "{[/prescription/{id}],methods=[GET]}" onto public info.smartkit.shiny.guide.dto.JsonObject info.smartkit.shiny.guide.controllers.MPrescriptionController.get(long)
2017-10-17 15:47:03.323  INFO 78893 --- [main] s.w.s.m.m.a.RequestMappingHandlerMapping : Mapped "{[/prescription/{id}],methods=[DELETE]}" onto public info.smartkit.shiny.guide.dto.JsonObject info.smartkit.shiny.guide.controllers.MPrescriptionController.delete(long)
2017-10-17 15:47:03.324  INFO 78893 --- [main] s.w.s.m.m.a.RequestMappingHandlerMapping : Mapped "{[/prescription],methods=[GET]}" onto public info.smartkit.shiny.guide.dto.JsonObject info.smartkit.shiny.guide.controllers.MPrescriptionController.list()
2017-10-17 15:47:03.325  INFO 78893 --- [main] s.w.s.m.m.a.RequestMappingHandlerMapping : Mapped "{[/prescription],methods=[POST],consumes=[application/json]}" onto public info.smartkit.shiny.guide.dto.JsonObject info.smartkit.shiny.guide.controllers.MPrescriptionController.create(info.smartkit.shiny.guide.vo.MPrescription)
2017-10-17 15:47:03.338  INFO 78893 --- [main] s.w.s.m.m.a.RequestMappingHandlerMapping : Mapped "{[/recommend/user/{id}],methods=[GET]}" onto public java.util.List<org.apache.mahout.cf.taste.recommender.RecommendedItem> info.smartkit.shiny.guide.controllers.RecommendController.getByUser(long) throws org.apache.mahout.cf.taste.common.TasteException,java.io.IOException
2017-10-17 15:47:03.338  INFO 78893 --- [main] s.w.s.m.m.a.RequestMappingHandlerMapping : Mapped "{[/recommend/item/{id}],methods=[GET]}" onto public java.util.List<org.apache.mahout.cf.taste.recommender.RecommendedItem> info.smartkit.shiny.guide.controllers.RecommendController.getByItem(long) throws java.io.IOException,org.apache.mahout.cf.taste.common.TasteException
2017-10-17 15:47:03.339  INFO 78893 --- [main] s.w.s.m.m.a.RequestMappingHandlerMapping : Mapped "{[/stat/user/infer/null],methods=[GET]}" onto public java.util.List<info.smartkit.shiny.guide.vo.UserInfo> info.smartkit.shiny.guide.controllers.StatisticsController.getInferedNullUsers() throws java.lang.Exception
2017-10-17 15:47:03.343  INFO 78893 --- [main] s.w.s.m.m.a.RequestMappingHandlerMapping : Mapped "{[/upload/recommend],methods=[POST],consumes=[multipart/form-data]}" onto public java.util.List<org.apache.mahout.cf.taste.recommender.RecommendedItem> info.smartkit.shiny.guide.controllers.UploadController.TDFileUpload(org.springframework.web.multipart.MultipartFile) throws java.io.IOException,org.apache.mahout.cf.taste.common.TasteException
2017-10-17 15:47:03.344  INFO 78893 --- [main] s.w.s.m.m.a.RequestMappingHandlerMapping : Mapped "{[/upload/tcsv/{mrow}],methods=[POST],consumes=[multipart/form-data]}" onto public info.smartkit.shiny.guide.dto.JsonObject info.smartkit.shiny.guide.controllers.UploadController.TCsvFileUpload(org.springframework.web.multipart.MultipartFile,java.lang.Boolean) throws java.lang.Throwable
2017-10-17 15:47:03.344  INFO 78893 --- [main] s.w.s.m.m.a.RequestMappingHandlerMapping : Mapped "{[/upload/timage],methods=[POST],consumes=[multipart/form-data]}" onto public info.smartkit.shiny.guide.dto.JsonObject info.smartkit.shiny.guide.controllers.UploadController.TImageFileUpload(org.springframework.web.multipart.MultipartFile)
2017-10-17 15:47:03.347  INFO 78893 --- [main] s.w.s.m.m.a.RequestMappingHandlerMapping : Mapped "{[/user/{id}],methods=[GET]}" onto public info.smartkit.shiny.guide.dto.JsonObject info.smartkit.shiny.guide.controllers.UserInfoController.get(long)
2017-10-17 15:47:03.348  INFO 78893 --- [main] s.w.s.m.m.a.RequestMappingHandlerMapping : Mapped "{[/user/{id}],methods=[DELETE]}" onto public info.smartkit.shiny.guide.dto.JsonObject info.smartkit.shiny.guide.controllers.UserInfoController.delete(long)
2017-10-17 15:47:03.349  INFO 78893 --- [main] s.w.s.m.m.a.RequestMappingHandlerMapping : Mapped "{[/user],methods=[GET]}" onto public info.smartkit.shiny.guide.dto.JsonObject info.smartkit.shiny.guide.controllers.UserInfoController.list()
2017-10-17 15:47:03.350  INFO 78893 --- [main] s.w.s.m.m.a.RequestMappingHandlerMapping : Mapped "{[/user],methods=[POST],consumes=[application/json]}" onto public info.smartkit.shiny.guide.dto.JsonObject info.smartkit.shiny.guide.controllers.UserInfoController.create(info.smartkit.shiny.guide.vo.UserInfo)
2017-10-17 15:47:03.350  INFO 78893 --- [main] s.w.s.m.m.a.RequestMappingHandlerMapping : Mapped "{[/user/{id}/cid/{value}],methods=[PUT]}" onto public info.smartkit.shiny.guide.dto.JsonObject info.smartkit.shiny.guide.controllers.UserInfoController.patch(long,int)
2017-10-17 15:47:03.351  INFO 78893 --- [main] s.w.s.m.m.a.RequestMappingHandlerMapping : Mapped "{[/user/c/{id}],methods=[GET]}" onto public info.smartkit.shiny.guide.dto.JsonObject info.smartkit.shiny.guide.controllers.UserInfoController.listByConsultId(long)
2017-10-17 15:47:03.352  INFO 78893 --- [main] s.w.s.m.m.a.RequestMappingHandlerMapping : Mapped "{[/v2/api-docs],methods=[GET],produces=[application/json || application/hal+json]}" onto public org.springframework.http.ResponseEntity<springfox.documentation.spring.web.json.Json> springfox.documentation.swagger2.web.Swagger2Controller.getDocumentation(java.lang.String,javax.servlet.http.HttpServletRequest)
2017-10-17 15:47:03.359  INFO 78893 --- [main] s.w.s.m.m.a.RequestMappingHandlerMapping : Mapped "{[/configuration/ui]}" onto org.springframework.http.ResponseEntity<springfox.documentation.swagger.web.UiConfiguration> springfox.documentation.swagger.web.ApiResourceController.uiConfiguration()
2017-10-17 15:47:03.362  INFO 78893 --- [main] s.w.s.m.m.a.RequestMappingHandlerMapping : Mapped "{[/configuration/security]}" onto org.springframework.http.ResponseEntity<springfox.documentation.swagger.web.SecurityConfiguration> springfox.documentation.swagger.web.ApiResourceController.securityConfiguration()
2017-10-17 15:47:03.364  INFO 78893 --- [main] s.w.s.m.m.a.RequestMappingHandlerMapping : Mapped "{[/swagger-resources]}" onto org.springframework.http.ResponseEntity<java.util.List<springfox.documentation.swagger.web.SwaggerResource>> springfox.documentation.swagger.web.ApiResourceController.swaggerResources()
2017-10-17 15:47:03.370  INFO 78893 --- [main] s.w.s.m.m.a.RequestMappingHandlerMapping : Mapped "{[/error]}" onto public org.springframework.http.ResponseEntity<java.util.Map<java.lang.String, java.lang.Object>> org.springframework.boot.autoconfigure.web.BasicErrorController.error(javax.servlet.http.HttpServletRequest)
2017-10-17 15:47:03.372  INFO 78893 --- [main] s.w.s.m.m.a.RequestMappingHandlerMapping : Mapped "{[/error],produces=[text/html]}" onto public org.springframework.web.servlet.ModelAndView org.springframework.boot.autoconfigure.web.BasicErrorController.errorHtml(javax.servlet.http.HttpServletRequest,javax.servlet.http.HttpServletResponse)
2017-10-18 13:51:22.224  INFO 85459 --- [main] i.s.s.g.DataServiceApplication           : Starting DataServiceApplication v0.0.1-SNAPSHOT on yangbozsMacBookAir.local with PID 85459 (/Users/yangboz/git/shiny-guide/Docker/API/target/data-service-0.0.1-SNAPSHOT.jar started by yangboz in /Users/yangboz/git/shiny-guide/Docker/API)
2017-10-18 13:51:22.228  INFO 85459 --- [main] i.s.s.g.DataServiceApplication           : No active profile set, falling back to default profiles: default
2017-10-18 13:51:22.408  INFO 85459 --- [main] ationConfigEmbeddedWebApplicationContext : Refreshing org.springframework.boot.context.embedded.AnnotationConfigEmbeddedWebApplicationContext@6cdea2d5: startup date [Wed Oct 18 13:51:22 CST 2017]; root of context hierarchy
2017-10-18 13:51:25.856  INFO 85459 --- [main] o.s.b.f.s.DefaultListableBeanFactory     : Overriding bean definition for bean 'beanNameViewResolver' with a different definition: replacing [Root bean: class [null]; scope=; abstract=false; lazyInit=false; autowireMode=3; dependencyCheck=0; autowireCandidate=true; primary=false; factoryBeanName=org.springframework.boot.autoconfigure.web.ErrorMvcAutoConfiguration$WhitelabelErrorViewConfiguration; factoryMethodName=beanNameViewResolver; initMethodName=null; destroyMethodName=(inferred); defined in class path resource [org/springframework/boot/autoconfigure/web/ErrorMvcAutoConfiguration$WhitelabelErrorViewConfiguration.class]] with [Root bean: class [null]; scope=; abstract=false; lazyInit=false; autowireMode=3; dependencyCheck=0; autowireCandidate=true; primary=false; factoryBeanName=org.springframework.boot.autoconfigure.web.WebMvcAutoConfiguration$WebMvcAutoConfigurationAdapter; factoryMethodName=beanNameViewResolver; initMethodName=null; destroyMethodName=(inferred); defined in class path resource [org/springframework/boot/autoconfigure/web/WebMvcAutoConfiguration$WebMvcAutoConfigurationAdapter.class]]
2017-10-18 13:51:26.802  INFO 85459 --- [main] trationDelegate$BeanPostProcessorChecker : Bean 'org.springframework.transaction.annotation.ProxyTransactionManagementConfiguration' of type [class org.springframework.transaction.annotation.ProxyTransactionManagementConfiguration$$EnhancerBySpringCGLIB$$d2b8befd] is not eligible for getting processed by all BeanPostProcessors (for example: not eligible for auto-proxying)
2017-10-18 13:51:27.999  INFO 85459 --- [main] s.b.c.e.t.TomcatEmbeddedServletContainer : Tomcat initialized with port(s): 8080 (http)
2017-10-18 13:51:28.038  INFO 85459 --- [main] o.a.c.c.StandardService                  : Starting service Tomcat
2017-10-18 13:51:28.042  INFO 85459 --- [main] o.a.c.c.StandardEngine                   : Starting Servlet Engine: Apache Tomcat/8.0.30
2017-10-18 13:51:28.249  INFO 85459 --- [localhost-startStop-1] o.a.c.c.C.[.[.[/td]                      : Initializing Spring embedded WebApplicationContext
2017-10-18 13:51:28.250  INFO 85459 --- [localhost-startStop-1] o.s.w.c.ContextLoader                    : Root WebApplicationContext: initialization completed in 5848 ms
2017-10-18 13:51:29.105  INFO 85459 --- [localhost-startStop-1] o.s.b.c.e.ServletRegistrationBean        : Mapping servlet: 'dispatcherServlet' to [/]
2017-10-18 13:51:29.119  INFO 85459 --- [localhost-startStop-1] o.s.b.c.e.FilterRegistrationBean         : Mapping filter: 'characterEncodingFilter' to: [/*]
2017-10-18 13:51:29.119  INFO 85459 --- [localhost-startStop-1] o.s.b.c.e.FilterRegistrationBean         : Mapping filter: 'hiddenHttpMethodFilter' to: [/*]
2017-10-18 13:51:29.119  INFO 85459 --- [localhost-startStop-1] o.s.b.c.e.FilterRegistrationBean         : Mapping filter: 'httpPutFormContentFilter' to: [/*]
2017-10-18 13:51:29.120  INFO 85459 --- [localhost-startStop-1] o.s.b.c.e.FilterRegistrationBean         : Mapping filter: 'requestContextFilter' to: [/*]
2017-10-18 13:51:29.120  INFO 85459 --- [localhost-startStop-1] o.s.b.c.e.FilterRegistrationBean         : Mapping filter: 'simpleCORSFilter' to: [/*]
2017-10-18 13:51:29.697  INFO 85459 --- [main] j.LocalContainerEntityManagerFactoryBean : Building JPA container EntityManagerFactory for persistence unit 'default'
2017-10-18 13:51:29.737  INFO 85459 --- [main] o.h.j.i.u.LogHelper                      : HHH000204: Processing PersistenceUnitInfo [
	name: default
	...]
2017-10-18 13:51:29.969  INFO 85459 --- [main] o.h.Version                              : HHH000412: Hibernate Core {4.3.11.Final}
2017-10-18 13:51:29.975  INFO 85459 --- [main] o.h.c.Environment                        : HHH000206: hibernate.properties not found
2017-10-18 13:51:29.978  INFO 85459 --- [main] o.h.c.Environment                        : HHH000021: Bytecode provider name : javassist
2017-10-18 13:51:31.018  INFO 85459 --- [main] o.h.a.c.Version                          : HCANN000001: Hibernate Commons Annotations {4.0.5.Final}
2017-10-18 13:51:40.041  INFO 85459 --- [main] o.h.d.Dialect                            : HHH000400: Using dialect: org.hibernate.dialect.MySQL5Dialect
2017-10-18 13:51:40.274  INFO 85459 --- [main] o.h.h.i.a.ASTQueryTranslatorFactory      : HHH000397: Using ASTQueryTranslatorFactory
2017-10-18 13:51:40.887  INFO 85459 --- [main] o.h.t.h.SchemaUpdate                     : HHH000228: Running hbm2ddl schema update
2017-10-18 13:51:40.887  INFO 85459 --- [main] o.h.t.h.SchemaUpdate                     : HHH000102: Fetching database metadata
2017-10-18 13:51:40.891  INFO 85459 --- [main] o.h.t.h.SchemaUpdate                     : HHH000396: Updating schema
2017-10-18 13:51:41.142  INFO 85459 --- [main] o.h.t.h.TableMetadata                    : HHH000261: Table found: td_test.consult_einstr_mpers
2017-10-18 13:51:41.143  INFO 85459 --- [main] o.h.t.h.TableMetadata                    : HHH000037: Columns: [eiid, mpname, rgbs, labs, eicontent, mpcontent, hsvs, id, einame, mpid]
2017-10-18 13:51:41.143  INFO 85459 --- [main] o.h.t.h.TableMetadata                    : HHH000108: Foreign keys: []
2017-10-18 13:51:41.144  INFO 85459 --- [main] o.h.t.h.TableMetadata                    : HHH000126: Indexes: [primary]
2017-10-18 13:51:41.364  INFO 85459 --- [main] o.h.t.h.TableMetadata                    : HHH000261: Table found: td_test.consult_info
2017-10-18 13:51:41.364  INFO 85459 --- [main] o.h.t.h.TableMetadata                    : HHH000037: Columns: [iid, pid, id]
2017-10-18 13:51:41.364  INFO 85459 --- [main] o.h.t.h.TableMetadata                    : HHH000108: Foreign keys: []
2017-10-18 13:51:41.364  INFO 85459 --- [main] o.h.t.h.TableMetadata                    : HHH000126: Indexes: [primary]
2017-10-18 13:51:41.610  INFO 85459 --- [main] o.h.t.h.TableMetadata                    : HHH000261: Table found: td_test.einstruction
2017-10-18 13:51:41.611  INFO 85459 --- [main] o.h.t.h.TableMetadata                    : HHH000037: Columns: [name, id, content]
2017-10-18 13:51:41.611  INFO 85459 --- [main] o.h.t.h.TableMetadata                    : HHH000108: Foreign keys: []
2017-10-18 13:51:41.611  INFO 85459 --- [main] o.h.t.h.TableMetadata                    : HHH000126: Indexes: [primary]
2017-10-18 13:51:41.856  INFO 85459 --- [main] o.h.t.h.TableMetadata                    : HHH000261: Table found: td_test.item_detail
2017-10-18 13:51:41.857  INFO 85459 --- [main] o.h.t.h.TableMetadata                    : HHH000037: Columns: [rgbb, dianci, laba, shese, labb, houbao, hsvh, labl, q1_3r, rgbg, runzao, zzzd, njzd, blzd, liewen, id, jieguo, taizhi, q1_2, q2_1, labell, yuban, rgbr, pangshou, q1_3y, botai, shexing, chihen, hsvs, funi, hsvv, labela, labelb, taise]
2017-10-18 13:51:41.857  INFO 85459 --- [main] o.h.t.h.TableMetadata                    : HHH000108: Foreign keys: []
2017-10-18 13:51:41.857  INFO 85459 --- [main] o.h.t.h.TableMetadata                    : HHH000126: Indexes: [primary]
2017-10-18 13:51:42.069  INFO 85459 --- [main] o.h.t.h.TableMetadata                    : HHH000261: Table found: td_test.item_info
2017-10-18 13:51:42.069  INFO 85459 --- [main] o.h.t.h.TableMetadata                    : HHH000037: Columns: [name, id, timage, detail_id]
2017-10-18 13:51:42.069  INFO 85459 --- [main] o.h.t.h.TableMetadata                    : HHH000108: Foreign keys: []
2017-10-18 13:51:42.070  INFO 85459 --- [main] o.h.t.h.TableMetadata                    : HHH000126: Indexes: [primary]
2017-10-18 13:51:42.258  INFO 85459 --- [main] o.h.t.h.TableMetadata                    : HHH000261: Table found: td_test.mprescription
2017-10-18 13:51:42.258  INFO 85459 --- [main] o.h.t.h.TableMetadata                    : HHH000037: Columns: [name, id, content]
2017-10-18 13:51:42.258  INFO 85459 --- [main] o.h.t.h.TableMetadata                    : HHH000108: Foreign keys: []
2017-10-18 13:51:42.259  INFO 85459 --- [main] o.h.t.h.TableMetadata                    : HHH000126: Indexes: [primary]
2017-10-18 13:51:42.454  INFO 85459 --- [main] o.h.t.h.TableMetadata                    : HHH000261: Table found: td_test.user_info
2017-10-18 13:51:42.454  INFO 85459 --- [main] o.h.t.h.TableMetadata                    : HHH000037: Columns: [consult_id, gender, item_id, name, id, age]
2017-10-18 13:51:42.454  INFO 85459 --- [main] o.h.t.h.TableMetadata                    : HHH000108: Foreign keys: []
2017-10-18 13:51:42.454  INFO 85459 --- [main] o.h.t.h.TableMetadata                    : HHH000126: Indexes: [primary]
2017-10-18 13:51:42.659  INFO 85459 --- [main] o.h.t.h.TableMetadata                    : HHH000261: Table found: td_test.user_item_consult_info_id_details
2017-10-18 13:51:42.659  INFO 85459 --- [main] o.h.t.h.TableMetadata                    : HHH000037: Columns: [rgbb, iid, laba, idid, shese, labb, houbao, yuban, hsvh, mpid, labl, rgbg, eiid, runzao, rgbr, pangshou, chihen, hsvs, liewen, hsvv, id, taise, cid]
2017-10-18 13:51:42.660  INFO 85459 --- [main] o.h.t.h.TableMetadata                    : HHH000108: Foreign keys: []
2017-10-18 13:51:42.660  INFO 85459 --- [main] o.h.t.h.TableMetadata                    : HHH000126: Indexes: [primary]
2017-10-18 13:51:42.845  INFO 85459 --- [main] o.h.t.h.TableMetadata                    : HHH000261: Table found: td_test.user_item_detail
2017-10-18 13:51:42.845  INFO 85459 --- [main] o.h.t.h.TableMetadata                    : HHH000037: Columns: [rgbb, dianci, xingbie, laba, chushengriqi, shese, labb, houbao, hsvh, labl, q1_3r, rgbg, runzao, zzzd, njzd, blzd, liewen, id, jieguo, taizhi, q1_2, q2_1, labell, nianning, yuban, rgbr, xingming, pangshou, q1_3y, botai, nianningjieduan, shexing, chihen, hsvs, funi, hsvv, labela, labelb, taise]
2017-10-18 13:51:42.867  INFO 85459 --- [main] o.h.t.h.TableMetadata                    : HHH000108: Foreign keys: []
2017-10-18 13:51:42.867  INFO 85459 --- [main] o.h.t.h.TableMetadata                    : HHH000126: Indexes: [primary]
2017-10-18 13:51:42.869  INFO 85459 --- [main] o.h.t.h.SchemaUpdate                     : HHH000232: Schema update complete
2017-10-18 13:51:44.755  INFO 85459 --- [main] s.w.s.m.m.a.RequestMappingHandlerMapping : Mapped "{[/consult/{id}],methods=[GET]}" onto public info.smartkit.shiny.guide.dto.JsonObject info.smartkit.shiny.guide.controllers.ConsultInfoController.get(long)
2017-10-18 13:51:44.757  INFO 85459 --- [main] s.w.s.m.m.a.RequestMappingHandlerMapping : Mapped "{[/consult/{id}],methods=[DELETE]}" onto public info.smartkit.shiny.guide.dto.JsonObject info.smartkit.shiny.guide.controllers.ConsultInfoController.delete(long)
2017-10-18 13:51:44.758  INFO 85459 --- [main] s.w.s.m.m.a.RequestMappingHandlerMapping : Mapped "{[/consult],methods=[GET]}" onto public info.smartkit.shiny.guide.dto.JsonObject info.smartkit.shiny.guide.controllers.ConsultInfoController.list()
2017-10-18 13:51:44.759  INFO 85459 --- [main] s.w.s.m.m.a.RequestMappingHandlerMapping : Mapped "{[/consult],methods=[POST],consumes=[application/json]}" onto public info.smartkit.shiny.guide.dto.JsonObject info.smartkit.shiny.guide.controllers.ConsultInfoController.create(info.smartkit.shiny.guide.vo.ConsultInfo)
2017-10-18 13:51:44.759  INFO 85459 --- [main] s.w.s.m.m.a.RequestMappingHandlerMapping : Mapped "{[/consult/{id}/iid/{iid}/pid/{pid}],methods=[PUT]}" onto public info.smartkit.shiny.guide.dto.JsonObject info.smartkit.shiny.guide.controllers.ConsultInfoController.patch(long,int,int)
2017-10-18 13:51:44.761  INFO 85459 --- [main] s.w.s.m.m.a.RequestMappingHandlerMapping : Mapped "{[/diagnosis/user/infer/{id}/{order}],methods=[GET]}" onto public java.util.List<info.smartkit.shiny.guide.vo.ConsultEinstrMpers> info.smartkit.shiny.guide.controllers.DiagnosisController.inferByFacts(long,int) throws java.lang.Exception
2017-10-18 13:51:44.762  INFO 85459 --- [main] s.w.s.m.m.a.RequestMappingHandlerMapping : Mapped "{[/diagnosis/user/{id}],methods=[GET]}" onto public info.smartkit.shiny.guide.dto.ConsultInfoFull info.smartkit.shiny.guide.controllers.DiagnosisController.getByUser(long) throws java.lang.Exception
2017-10-18 13:51:44.767  INFO 85459 --- [main] s.w.s.m.m.a.RequestMappingHandlerMapping : Mapped "{[/instruction/{id}],methods=[GET]}" onto public info.smartkit.shiny.guide.dto.JsonObject info.smartkit.shiny.guide.controllers.EInstructionController.get(long)
2017-10-18 13:51:44.768  INFO 85459 --- [main] s.w.s.m.m.a.RequestMappingHandlerMapping : Mapped "{[/instruction/{id}],methods=[DELETE]}" onto public info.smartkit.shiny.guide.dto.JsonObject info.smartkit.shiny.guide.controllers.EInstructionController.delete(long)
2017-10-18 13:51:44.768  INFO 85459 --- [main] s.w.s.m.m.a.RequestMappingHandlerMapping : Mapped "{[/instruction],methods=[GET]}" onto public info.smartkit.shiny.guide.dto.JsonObject info.smartkit.shiny.guide.controllers.EInstructionController.list()
2017-10-18 13:51:44.769  INFO 85459 --- [main] s.w.s.m.m.a.RequestMappingHandlerMapping : Mapped "{[/instruction],methods=[POST],consumes=[application/json]}" onto public info.smartkit.shiny.guide.dto.JsonObject info.smartkit.shiny.guide.controllers.EInstructionController.create(info.smartkit.shiny.guide.vo.EInstruction)
2017-10-18 13:51:44.774  INFO 85459 --- [main] s.w.s.m.m.a.RequestMappingHandlerMapping : Mapped "{[/item/detail/{id}],methods=[GET]}" onto public info.smartkit.shiny.guide.dto.JsonObject info.smartkit.shiny.guide.controllers.ItemDetailController.get(long)
2017-10-18 13:51:44.774  INFO 85459 --- [main] s.w.s.m.m.a.RequestMappingHandlerMapping : Mapped "{[/item/detail/{id}],methods=[DELETE]}" onto public info.smartkit.shiny.guide.dto.JsonObject info.smartkit.shiny.guide.controllers.ItemDetailController.delete(long)
2017-10-18 13:51:44.775  INFO 85459 --- [main] s.w.s.m.m.a.RequestMappingHandlerMapping : Mapped "{[/item/detail],methods=[GET]}" onto public info.smartkit.shiny.guide.dto.JsonObject info.smartkit.shiny.guide.controllers.ItemDetailController.list()
2017-10-18 13:51:44.776  INFO 85459 --- [main] s.w.s.m.m.a.RequestMappingHandlerMapping : Mapped "{[/item/detail],methods=[POST],consumes=[application/json]}" onto public info.smartkit.shiny.guide.dto.JsonObject info.smartkit.shiny.guide.controllers.ItemDetailController.create(info.smartkit.shiny.guide.vo.ItemDetail)
2017-10-18 13:51:44.776  INFO 85459 --- [main] s.w.s.m.m.a.RequestMappingHandlerMapping : Mapped "{[/item/detail/{id}],methods=[PUT]}" onto public info.smartkit.shiny.guide.dto.JsonObject info.smartkit.shiny.guide.controllers.ItemDetailController.patch(long,info.smartkit.shiny.guide.vo.ItemDetail)
2017-10-18 13:51:44.778  INFO 85459 --- [main] s.w.s.m.m.a.RequestMappingHandlerMapping : Mapped "{[/item/info/{id}],methods=[GET]}" onto public info.smartkit.shiny.guide.dto.JsonObject info.smartkit.shiny.guide.controllers.ItemInfoController.get(long)
2017-10-18 13:51:44.779  INFO 85459 --- [main] s.w.s.m.m.a.RequestMappingHandlerMapping : Mapped "{[/item/info/{id}],methods=[DELETE]}" onto public info.smartkit.shiny.guide.dto.JsonObject info.smartkit.shiny.guide.controllers.ItemInfoController.delete(long)
2017-10-18 13:51:44.779  INFO 85459 --- [main] s.w.s.m.m.a.RequestMappingHandlerMapping : Mapped "{[/item/info],methods=[GET]}" onto public info.smartkit.shiny.guide.dto.JsonObject info.smartkit.shiny.guide.controllers.ItemInfoController.list()
2017-10-18 13:51:44.779  INFO 85459 --- [main] s.w.s.m.m.a.RequestMappingHandlerMapping : Mapped "{[/item/info],methods=[POST],consumes=[application/json]}" onto public info.smartkit.shiny.guide.dto.JsonObject info.smartkit.shiny.guide.controllers.ItemInfoController.create(info.smartkit.shiny.guide.vo.ItemInfo)
2017-10-18 13:51:44.780  INFO 85459 --- [main] s.w.s.m.m.a.RequestMappingHandlerMapping : Mapped "{[/item/info/{id}/detail/{value}],methods=[PUT]}" onto public info.smartkit.shiny.guide.dto.JsonObject info.smartkit.shiny.guide.controllers.ItemInfoController.patch(long,int)
2017-10-18 13:51:44.782  INFO 85459 --- [main] s.w.s.m.m.a.RequestMappingHandlerMapping : Mapped "{[/prescription/{id}],methods=[GET]}" onto public info.smartkit.shiny.guide.dto.JsonObject info.smartkit.shiny.guide.controllers.MPrescriptionController.get(long)
2017-10-18 13:51:44.782  INFO 85459 --- [main] s.w.s.m.m.a.RequestMappingHandlerMapping : Mapped "{[/prescription/{id}],methods=[DELETE]}" onto public info.smartkit.shiny.guide.dto.JsonObject info.smartkit.shiny.guide.controllers.MPrescriptionController.delete(long)
2017-10-18 13:51:44.783  INFO 85459 --- [main] s.w.s.m.m.a.RequestMappingHandlerMapping : Mapped "{[/prescription],methods=[GET]}" onto public info.smartkit.shiny.guide.dto.JsonObject info.smartkit.shiny.guide.controllers.MPrescriptionController.list()
2017-10-18 13:51:44.783  INFO 85459 --- [main] s.w.s.m.m.a.RequestMappingHandlerMapping : Mapped "{[/prescription],methods=[POST],consumes=[application/json]}" onto public info.smartkit.shiny.guide.dto.JsonObject info.smartkit.shiny.guide.controllers.MPrescriptionController.create(info.smartkit.shiny.guide.vo.MPrescription)
2017-10-18 13:51:44.786  INFO 85459 --- [main] s.w.s.m.m.a.RequestMappingHandlerMapping : Mapped "{[/recommend/user/{id}],methods=[GET]}" onto public java.util.List<org.apache.mahout.cf.taste.recommender.RecommendedItem> info.smartkit.shiny.guide.controllers.RecommendController.getByUser(long) throws org.apache.mahout.cf.taste.common.TasteException,java.io.IOException
2017-10-18 13:51:44.787  INFO 85459 --- [main] s.w.s.m.m.a.RequestMappingHandlerMapping : Mapped "{[/recommend/item/{id}],methods=[GET]}" onto public java.util.List<org.apache.mahout.cf.taste.recommender.RecommendedItem> info.smartkit.shiny.guide.controllers.RecommendController.getByItem(long) throws java.io.IOException,org.apache.mahout.cf.taste.common.TasteException
2017-10-18 13:51:44.788  INFO 85459 --- [main] s.w.s.m.m.a.RequestMappingHandlerMapping : Mapped "{[/stat/user/infer/null],methods=[GET]}" onto public java.util.List<info.smartkit.shiny.guide.vo.UserInfo> info.smartkit.shiny.guide.controllers.StatisticsController.getInferedNullUsers() throws java.lang.Exception
2017-10-18 13:51:44.793  INFO 85459 --- [main] s.w.s.m.m.a.RequestMappingHandlerMapping : Mapped "{[/upload/recommend],methods=[POST],consumes=[multipart/form-data]}" onto public java.util.List<org.apache.mahout.cf.taste.recommender.RecommendedItem> info.smartkit.shiny.guide.controllers.UploadController.TDFileUpload(org.springframework.web.multipart.MultipartFile) throws java.io.IOException,org.apache.mahout.cf.taste.common.TasteException
2017-10-18 13:51:44.794  INFO 85459 --- [main] s.w.s.m.m.a.RequestMappingHandlerMapping : Mapped "{[/upload/tcsv/{mrow}],methods=[POST],consumes=[multipart/form-data]}" onto public info.smartkit.shiny.guide.dto.JsonObject info.smartkit.shiny.guide.controllers.UploadController.TCsvFileUpload(org.springframework.web.multipart.MultipartFile,java.lang.Boolean) throws java.lang.Throwable
2017-10-18 13:51:44.796  INFO 85459 --- [main] s.w.s.m.m.a.RequestMappingHandlerMapping : Mapped "{[/upload/timage],methods=[POST],consumes=[multipart/form-data]}" onto public info.smartkit.shiny.guide.dto.JsonObject info.smartkit.shiny.guide.controllers.UploadController.TImageFileUpload(org.springframework.web.multipart.MultipartFile)
2017-10-18 13:51:44.799  INFO 85459 --- [main] s.w.s.m.m.a.RequestMappingHandlerMapping : Mapped "{[/user/{id}],methods=[GET]}" onto public info.smartkit.shiny.guide.dto.JsonObject info.smartkit.shiny.guide.controllers.UserInfoController.get(long)
2017-10-18 13:51:44.801  INFO 85459 --- [main] s.w.s.m.m.a.RequestMappingHandlerMapping : Mapped "{[/user/{id}],methods=[DELETE]}" onto public info.smartkit.shiny.guide.dto.JsonObject info.smartkit.shiny.guide.controllers.UserInfoController.delete(long)
2017-10-18 13:51:44.801  INFO 85459 --- [main] s.w.s.m.m.a.RequestMappingHandlerMapping : Mapped "{[/user],methods=[GET]}" onto public info.smartkit.shiny.guide.dto.JsonObject info.smartkit.shiny.guide.controllers.UserInfoController.list()
2017-10-18 13:51:44.801  INFO 85459 --- [main] s.w.s.m.m.a.RequestMappingHandlerMapping : Mapped "{[/user],methods=[POST],consumes=[application/json]}" onto public info.smartkit.shiny.guide.dto.JsonObject info.smartkit.shiny.guide.controllers.UserInfoController.create(info.smartkit.shiny.guide.vo.UserInfo)
2017-10-18 13:51:44.802  INFO 85459 --- [main] s.w.s.m.m.a.RequestMappingHandlerMapping : Mapped "{[/user/c/{id}],methods=[GET]}" onto public info.smartkit.shiny.guide.dto.JsonObject info.smartkit.shiny.guide.controllers.UserInfoController.listByConsultId(long)
2017-10-18 13:51:44.802  INFO 85459 --- [main] s.w.s.m.m.a.RequestMappingHandlerMapping : Mapped "{[/user/{id}/cid/{value}],methods=[PUT]}" onto public info.smartkit.shiny.guide.dto.JsonObject info.smartkit.shiny.guide.controllers.UserInfoController.patch(long,int)
2017-10-18 13:51:44.803  INFO 85459 --- [main] s.w.s.m.m.a.RequestMappingHandlerMapping : Mapped "{[/v2/api-docs],methods=[GET],produces=[application/json || application/hal+json]}" onto public org.springframework.http.ResponseEntity<springfox.documentation.spring.web.json.Json> springfox.documentation.swagger2.web.Swagger2Controller.getDocumentation(java.lang.String,javax.servlet.http.HttpServletRequest)
2017-10-18 13:51:44.811  INFO 85459 --- [main] s.w.s.m.m.a.RequestMappingHandlerMapping : Mapped "{[/configuration/security]}" onto org.springframework.http.ResponseEntity<springfox.documentation.swagger.web.SecurityConfiguration> springfox.documentation.swagger.web.ApiResourceController.securityConfiguration()
2017-10-18 13:51:44.813  INFO 85459 --- [main] s.w.s.m.m.a.RequestMappingHandlerMapping : Mapped "{[/configuration/ui]}" onto org.springframework.http.ResponseEntity<springfox.documentation.swagger.web.UiConfiguration> springfox.documentation.swagger.web.ApiResourceController.uiConfiguration()
2017-10-18 13:51:44.814  INFO 85459 --- [main] s.w.s.m.m.a.RequestMappingHandlerMapping : Mapped "{[/swagger-resources]}" onto org.springframework.http.ResponseEntity<java.util.List<springfox.documentation.swagger.web.SwaggerResource>> springfox.documentation.swagger.web.ApiResourceController.swaggerResources()
2017-10-18 13:51:44.819  INFO 85459 --- [main] s.w.s.m.m.a.RequestMappingHandlerMapping : Mapped "{[/error]}" onto public org.springframework.http.ResponseEntity<java.util.Map<java.lang.String, java.lang.Object>> org.springframework.boot.autoconfigure.web.BasicErrorController.error(javax.servlet.http.HttpServletRequest)
2017-10-18 13:51:44.819  INFO 85459 --- [main] s.w.s.m.m.a.RequestMappingHandlerMapping : Mapped "{[/error],produces=[text/html]}" onto public org.springframework.web.servlet.ModelAndView org.springframework.boot.autoconfigure.web.BasicErrorController.errorHtml(javax.servlet.http.HttpServletRequest,javax.servlet.http.HttpServletResponse)
2017-10-18 13:51:45.429  INFO 85459 --- [main] s.w.s.m.m.a.RequestMappingHandlerAdapter : Looking for @ControllerAdvice: org.springframework.boot.context.embedded.AnnotationConfigEmbeddedWebApplicationContext@6cdea2d5: startup date [Wed Oct 18 13:51:22 CST 2017]; root of context hierarchy
2017-10-18 13:51:45.588  INFO 85459 --- [main] o.s.w.s.h.SimpleUrlHandlerMapping        : Mapped URL path [/swagger-ui.html] onto handler of type [class org.springframework.web.servlet.resource.ResourceHttpRequestHandler]
2017-10-18 13:51:45.589  INFO 85459 --- [main] o.s.w.s.h.SimpleUrlHandlerMapping        : Mapped URL path [/webjars/**] onto handler of type [class org.springframework.web.servlet.resource.ResourceHttpRequestHandler]
2017-10-18 13:51:45.589  INFO 85459 --- [main] o.s.w.s.h.SimpleUrlHandlerMapping        : Mapped URL path [/uploads/**] onto handler of type [class org.springframework.web.servlet.resource.ResourceHttpRequestHandler]
2017-10-18 13:51:45.589  INFO 85459 --- [main] o.s.w.s.h.SimpleUrlHandlerMapping        : Mapped URL path [/**] onto handler of type [class org.springframework.web.servlet.resource.ResourceHttpRequestHandler]
2017-10-18 13:51:45.707  INFO 85459 --- [main] o.s.w.s.h.SimpleUrlHandlerMapping        : Mapped URL path [/**/favicon.ico] onto handler of type [class org.springframework.web.servlet.resource.ResourceHttpRequestHandler]
2017-10-18 13:51:46.212  INFO 85459 --- [main] o.s.j.e.a.AnnotationMBeanExporter        : Registering beans for JMX exposure on startup
2017-10-18 13:51:46.233  INFO 85459 --- [main] d.s.w.p.DocumentationPluginsBootstrapper : Context refreshed
2017-10-18 13:51:46.285  INFO 85459 --- [main] d.s.w.p.DocumentationPluginsBootstrapper : Found 1 custom documentation plugin(s)
2017-10-18 13:51:46.300  INFO 85459 --- [main] s.d.s.w.s.ApiListingReferenceScanner     : Scanning for api listing references
2017-10-18 13:51:46.583  INFO 85459 --- [main] .d.s.w.r.o.CachingOperationNameGenerator : Generating unique operation named: createUsingPOST_1
2017-10-18 13:51:46.588  INFO 85459 --- [main] .d.s.w.r.o.CachingOperationNameGenerator : Generating unique operation named: deleteUsingDELETE_1
2017-10-18 13:51:46.595  INFO 85459 --- [main] .d.s.w.r.o.CachingOperationNameGenerator : Generating unique operation named: getUsingGET_1
2017-10-18 13:51:46.600  INFO 85459 --- [main] .d.s.w.r.o.CachingOperationNameGenerator : Generating unique operation named: listUsingGET_1
2017-10-18 13:51:46.634  INFO 85459 --- [main] .d.s.w.r.o.CachingOperationNameGenerator : Generating unique operation named: createUsingPOST_2
2017-10-18 13:51:46.641  INFO 85459 --- [main] .d.s.w.r.o.CachingOperationNameGenerator : Generating unique operation named: deleteUsingDELETE_2
2017-10-18 13:51:46.648  INFO 85459 --- [main] .d.s.w.r.o.CachingOperationNameGenerator : Generating unique operation named: getUsingGET_2
2017-10-18 13:51:46.653  INFO 85459 --- [main] .d.s.w.r.o.CachingOperationNameGenerator : Generating unique operation named: listUsingGET_2
2017-10-18 13:51:46.659  INFO 85459 --- [main] .d.s.w.r.o.CachingOperationNameGenerator : Generating unique operation named: patchUsingPUT_1
2017-10-18 13:51:46.669  INFO 85459 --- [main] .d.s.w.r.o.CachingOperationNameGenerator : Generating unique operation named: createUsingPOST_3
2017-10-18 13:51:46.674  INFO 85459 --- [main] .d.s.w.r.o.CachingOperationNameGenerator : Generating unique operation named: deleteUsingDELETE_3
2017-10-18 13:51:46.680  INFO 85459 --- [main] .d.s.w.r.o.CachingOperationNameGenerator : Generating unique operation named: getUsingGET_3
2017-10-18 13:51:46.685  INFO 85459 --- [main] .d.s.w.r.o.CachingOperationNameGenerator : Generating unique operation named: listUsingGET_3
2017-10-18 13:51:46.695  INFO 85459 --- [main] .d.s.w.r.o.CachingOperationNameGenerator : Generating unique operation named: patchUsingPUT_2
2017-10-18 13:51:46.702  INFO 85459 --- [main] .d.s.w.r.o.CachingOperationNameGenerator : Generating unique operation named: createUsingPOST_4
2017-10-18 13:51:46.708  INFO 85459 --- [main] .d.s.w.r.o.CachingOperationNameGenerator : Generating unique operation named: deleteUsingDELETE_4
2017-10-18 13:51:46.714  INFO 85459 --- [main] .d.s.w.r.o.CachingOperationNameGenerator : Generating unique operation named: getUsingGET_4
2017-10-18 13:51:46.718  INFO 85459 --- [main] .d.s.w.r.o.CachingOperationNameGenerator : Generating unique operation named: listUsingGET_4
2017-10-18 13:51:46.731  INFO 85459 --- [main] .d.s.w.r.o.CachingOperationNameGenerator : Generating unique operation named: getByUserUsingGET_1
2017-10-18 13:51:46.770  INFO 85459 --- [main] .d.s.w.r.o.CachingOperationNameGenerator : Generating unique operation named: createUsingPOST_5
2017-10-18 13:51:46.776  INFO 85459 --- [main] .d.s.w.r.o.CachingOperationNameGenerator : Generating unique operation named: deleteUsingDELETE_5
2017-10-18 13:51:46.782  INFO 85459 --- [main] .d.s.w.r.o.CachingOperationNameGenerator : Generating unique operation named: getUsingGET_5
2017-10-18 13:51:46.788  INFO 85459 --- [main] .d.s.w.r.o.CachingOperationNameGenerator : Generating unique operation named: listUsingGET_5
2017-10-18 13:51:46.800  INFO 85459 --- [main] .d.s.w.r.o.CachingOperationNameGenerator : Generating unique operation named: patchUsingPUT_3
2017-10-18 13:51:46.969  INFO 85459 --- [main] s.b.c.e.t.TomcatEmbeddedServletContainer : Tomcat started on port(s): 8080 (http)
2017-10-18 13:51:46.979  INFO 85459 --- [main] i.s.s.g.DataServiceApplication           : Started DataServiceApplication in 26.138 seconds (JVM running for 28.536)
2017-10-18 13:52:20.872  INFO 85459 --- [http-nio-8080-exec-3] o.a.c.c.C.[.[.[/td]                      : Initializing Spring FrameworkServlet 'dispatcherServlet'
2017-10-18 13:52:20.887  INFO 85459 --- [http-nio-8080-exec-3] o.s.w.s.DispatcherServlet                : FrameworkServlet 'dispatcherServlet': initialization started
2017-10-18 13:52:20.996  INFO 85459 --- [http-nio-8080-exec-3] o.s.w.s.DispatcherServlet                : FrameworkServlet 'dispatcherServlet': initialization completed in 109 ms
2017-10-18 13:55:29.032  INFO 85459 --- [Thread-4] ationConfigEmbeddedWebApplicationContext : Closing org.springframework.boot.context.embedded.AnnotationConfigEmbeddedWebApplicationContext@6cdea2d5: startup date [Wed Oct 18 13:51:22 CST 2017]; root of context hierarchy
